<?xml version="1.0" encoding="UTF-8"?>
<!-- Generated by org.testng.reporters.JUnitXMLReporter -->
<testsuite ignored="0" hostname="LAPTOP-M1Q10SKF" failures="1" tests="8" name="Surefire test" time="4.728" errors="0" timestamp="2023-07-31T14:47:07 EET">
  <testcase classname="tests.boards.BoardTests" name="testAuthentication" time="2.249"/>
  <testcase classname="tests.boards.BoardTests" name="testCreateBoard" time="2.763"/>
  <testcase classname="tests.boards.BoardTests" name="testGetBoardsBelongsToMembermThenPrintFirstBoardIdAndLastBoardId" time="2.764">
    <failure type="java.lang.IndexOutOfBoundsException" message="Index 0 out of bounds for length 0">
      <![CDATA[java.lang.IndexOutOfBoundsException: Index 0 out of bounds for length 0
at java.base/jdk.internal.util.Preconditions.outOfBounds(Preconditions.java:100)
at java.base/jdk.internal.util.Preconditions.outOfBoundsCheckIndex(Preconditions.java:106)
at java.base/jdk.internal.util.Preconditions.checkIndex(Preconditions.java:302)
at java.base/java.util.Objects.checkIndex(Objects.java:359)
at java.base/java.util.ArrayList.get(ArrayList.java:427)
at tests.boards.BoardTests.testGetBoardsBelongsToMembermThenPrintFirstBoardIdAndLastBoardId(BoardTests.java:45)
at java.base/java.util.concurrent.ThreadPoolExecutor.runWorker(ThreadPoolExecutor.java:1136)
at java.base/java.util.concurrent.ThreadPoolExecutor$Worker.run(ThreadPoolExecutor.java:635)
at java.base/java.lang.Thread.run(Thread.java:833)
... Removed 10 stack frames]]>
    </failure>
  </testcase> <!-- testGetBoardsBelongsToMembermThenPrintFirstBoardIdAndLastBoardId -->
  <testcase classname="tests.lists_on_board.ListsOnBoardTests" name="testGetListsOnBoard" time="3.49"/>
  <testcase classname="tests.lists_on_board.ListsOnBoardTests" name="testCreateListOnBoard" time="3.615"/>
  <testcase classname="tests.lists_on_board.ListsOnBoardTests" name="testArchiveList" time="4.039"/>
  <testcase classname="tests.lists_on_board.ListsOnBoardTests" name="testUnArchiveList" time="4.099"/>
  <testcase classname="tests.boards.BoardTests" name="testDeleteBoard" time="4.687"/>
</testsuite> <!-- Surefire test -->
