<?xml version="1.0" encoding="UTF-8"?>
<testng-results ignored="0" total="8" passed="7" failed="1" skipped="0">
  <reporter-output>
  </reporter-output>
  <suite started-at="2023-07-31T14:47:03 EET" name="Surefire suite" finished-at="2023-07-31T14:47:07 EET" duration-ms="4728">
    <groups>
    </groups>
    <test started-at="2023-07-31T14:47:03 EET" name="Surefire test" finished-at="2023-07-31T14:47:07 EET" duration-ms="4728">
      <class name="tests.lists_on_board.ListsOnBoardTests">
        <test-method signature="testArchiveList()[pri:0, instance:tests.lists_on_board.ListsOnBoardTests@31e5415e]" started-at="2023-07-31T14:47:03 EET" name="testArchiveList" finished-at="2023-07-31T14:47:07 EET" duration-ms="4039" status="PASS">
          <reporter-output>
          </reporter-output>
        </test-method> <!-- testArchiveList -->
        <test-method signature="testGetListsOnBoard()[pri:0, instance:tests.lists_on_board.ListsOnBoardTests@31e5415e]" started-at="2023-07-31T14:47:03 EET" name="testGetListsOnBoard" finished-at="2023-07-31T14:47:06 EET" duration-ms="3490" status="PASS">
          <reporter-output>
          </reporter-output>
        </test-method> <!-- testGetListsOnBoard -->
        <test-method signature="testUnArchiveList()[pri:0, instance:tests.lists_on_board.ListsOnBoardTests@31e5415e]" started-at="2023-07-31T14:47:03 EET" name="testUnArchiveList" finished-at="2023-07-31T14:47:07 EET" duration-ms="4099" status="PASS">
          <reporter-output>
          </reporter-output>
        </test-method> <!-- testUnArchiveList -->
        <test-method signature="testCreateListOnBoard()[pri:0, instance:tests.lists_on_board.ListsOnBoardTests@31e5415e]" started-at="2023-07-31T14:47:03 EET" name="testCreateListOnBoard" finished-at="2023-07-31T14:47:06 EET" duration-ms="3615" status="PASS">
          <reporter-output>
          </reporter-output>
        </test-method> <!-- testCreateListOnBoard -->
      </class> <!-- tests.lists_on_board.ListsOnBoardTests -->
      <class name="tests.boards.BoardTests">
        <test-method signature="testDeleteBoard()[pri:0, instance:tests.boards.BoardTests@1e6454ec]" started-at="2023-07-31T14:47:03 EET" name="testDeleteBoard" finished-at="2023-07-31T14:47:07 EET" duration-ms="4687" status="PASS">
          <reporter-output>
          </reporter-output>
        </test-method> <!-- testDeleteBoard -->
        <test-method signature="testCreateBoard()[pri:0, instance:tests.boards.BoardTests@1e6454ec]" started-at="2023-07-31T14:47:03 EET" name="testCreateBoard" finished-at="2023-07-31T14:47:05 EET" duration-ms="2763" status="PASS">
          <reporter-output>
          </reporter-output>
        </test-method> <!-- testCreateBoard -->
        <test-method signature="testAuthentication()[pri:0, instance:tests.boards.BoardTests@1e6454ec]" started-at="2023-07-31T14:47:03 EET" name="testAuthentication" finished-at="2023-07-31T14:47:05 EET" duration-ms="2249" status="PASS">
          <reporter-output>
          </reporter-output>
        </test-method> <!-- testAuthentication -->
        <test-method signature="testGetBoardsBelongsToMembermThenPrintFirstBoardIdAndLastBoardId()[pri:0, instance:tests.boards.BoardTests@1e6454ec]" started-at="2023-07-31T14:47:03 EET" name="testGetBoardsBelongsToMembermThenPrintFirstBoardIdAndLastBoardId" finished-at="2023-07-31T14:47:05 EET" duration-ms="2764" status="FAIL">
          <exception class="java.lang.IndexOutOfBoundsException">
            <message>
              <![CDATA[Index 0 out of bounds for length 0]]>
            </message>
            <full-stacktrace>
              <![CDATA[java.lang.IndexOutOfBoundsException: Index 0 out of bounds for length 0
at java.base/jdk.internal.util.Preconditions.outOfBounds(Preconditions.java:100)
at java.base/jdk.internal.util.Preconditions.outOfBoundsCheckIndex(Preconditions.java:106)
at java.base/jdk.internal.util.Preconditions.checkIndex(Preconditions.java:302)
at java.base/java.util.Objects.checkIndex(Objects.java:359)
at java.base/java.util.ArrayList.get(ArrayList.java:427)
at tests.boards.BoardTests.testGetBoardsBelongsToMembermThenPrintFirstBoardIdAndLastBoardId(BoardTests.java:45)
at java.base/jdk.internal.reflect.DirectMethodHandleAccessor.invoke(DirectMethodHandleAccessor.java:104)
at java.base/java.lang.reflect.Method.invoke(Method.java:577)
at org.testng.internal.invokers.MethodInvocationHelper.invokeMethod(MethodInvocationHelper.java:139)
at org.testng.internal.invokers.TestInvoker.invokeMethod(TestInvoker.java:664)
at org.testng.internal.invokers.TestInvoker.invokeTestMethod(TestInvoker.java:227)
at org.testng.internal.invokers.MethodRunner.runInSequence(MethodRunner.java:50)
at org.testng.internal.invokers.TestInvoker$MethodInvocationAgent.invoke(TestInvoker.java:957)
at org.testng.internal.invokers.TestInvoker.invokeTestMethods(TestInvoker.java:200)
at org.testng.internal.invokers.TestMethodWorker.invokeTestMethods(TestMethodWorker.java:148)
at org.testng.internal.invokers.TestMethodWorker.run(TestMethodWorker.java:128)
at java.base/java.util.concurrent.ThreadPoolExecutor.runWorker(ThreadPoolExecutor.java:1136)
at java.base/java.util.concurrent.ThreadPoolExecutor$Worker.run(ThreadPoolExecutor.java:635)
at java.base/java.lang.Thread.run(Thread.java:833)
]]>
            </full-stacktrace>
          </exception> <!-- java.lang.IndexOutOfBoundsException -->
          <reporter-output>
          </reporter-output>
        </test-method> <!-- testGetBoardsBelongsToMembermThenPrintFirstBoardIdAndLastBoardId -->
      </class> <!-- tests.boards.BoardTests -->
    </test> <!-- Surefire test -->
  </suite> <!-- Surefire suite -->
</testng-results>
